<?xml version="1.0" encoding="UTF-8"?>
<!-- Generated by org.testng.reporters.JUnitXMLReporter -->
<testsuite ignored="0" hostname="DESKTOP-1LCU6CA" failures="0" tests="3" name="Test" time="149.291" errors="0" timestamp="2023-10-26T21:26:28 IST">
  <testcase classname="testCases.GetProd" name="getprod1" time="38.377"/>
  <testcase classname="testCases.AddToCart" name="verifyADC" time="88.727"/>
  <testcase classname="testCases.HamburgerMenu" name="hambmenu" time="22.066"/>
</testsuite> <!-- Test -->
